<?xml version="1.0" encoding="UTF-8"?>
<!-- Generated by org.testng.reporters.JUnitXMLReporter -->
<testsuite ignored="0" hostname="WKWIN6662787" failures="0" tests="3" name="Default test" time="0.082" errors="0" timestamp="2021-06-24T21:57:20 IST">
  <testcase classname="Selenium.Jenkins.SmokeSuite" name="smoke1" time="0.009"/>
  <testcase classname="Selenium.Jenkins.SmokeSuite" name="smoke1" time="0.001"/>
  <testcase classname="Selenium.Jenkins.SmokeSuite" name="smoke1" time="0.001"/>
</testsuite> <!-- Default test -->
