<?xml version="1.0" encoding="UTF-8"?>
<testsuite name="TestSuite" time="10.386" tests="5" errors="0" skipped="0" failures="0">
  <properties>
[...]
</properties>
  <testcase name="searchMyNameInGoogle" classname="Selenium.Jenkins.RegressionSuite" time="10.385"/>
  <testcase name="methodNo2" classname="Selenium.Jenkins.RegressionSuite" time="0"/>
  <testcase name="smoke1" classname="Selenium.Jenkins.SmokeSuite" time="0.001"/>
  <testcase name="smoke1" classname="Selenium.Jenkins.SmokeSuite" time="0.001"/>
  <testcase name="smoke1" classname="Selenium.Jenkins.SmokeSuite" time="0"/>
</testsuite>