<?xml version="1.0" encoding="UTF-8"?>
<!-- Generated by org.testng.reporters.JUnitXMLReporter -->
<testsuite ignored="0" hostname="WKWIN6662787" failures="0" tests="5" name="Test" time="13.411" errors="0" timestamp="2021-06-24T22:00:38 IST">
  <testcase classname="Selenium.Jenkins.demotest1" name="methodNo2" time="0.015"/>
  <testcase classname="Selenium.Jenkins.demotest1" name="searchMyNameInGoogle" time="13.229"/>
  <testcase classname="Selenium.Jenkins.SmokeSuite" name="smoke1" time="0.007"/>
  <testcase classname="Selenium.Jenkins.SmokeSuite" name="smoke1" time="0.006"/>
  <testcase classname="Selenium.Jenkins.SmokeSuite" name="smoke1" time="0.002"/>
</testsuite> <!-- Test -->
