<?xml version="1.0" encoding="UTF-8"?>
<!-- Generated by org.testng.reporters.JUnitXMLReporter -->
<testsuite ignored="0" hostname="WKWIN6662787" failures="0" tests="5" name="Test" time="11.657" errors="0" timestamp="2021-06-24T23:56:11 IST">
  <testcase classname="Selenium.Jenkins.RegressionSuite" name="searchMyNameInGoogle" time="10.321"/>
  <testcase classname="Selenium.Jenkins.RegressionSuite" name="methodNo2" time="0.0"/>
  <testcase classname="Selenium.Jenkins.SmokeSuite" name="smoke1" time="0.001"/>
  <testcase classname="Selenium.Jenkins.SmokeSuite" name="smoke1" time="0.0"/>
  <testcase classname="Selenium.Jenkins.SmokeSuite" name="smoke1" time="0.0"/>
</testsuite> <!-- Test -->
