<?xml version="1.0" encoding="UTF-8"?>
<!-- Generated by org.testng.reporters.JUnitXMLReporter -->
<testsuite ignored="0" hostname="WKWIN6662787" failures="0" tests="5" name="Test" time="13.524" errors="0" timestamp="2021-06-24T22:05:29 IST">
  <testcase classname="Selenium.Jenkins.demotest1" name="methodNo2" time="0.015"/>
  <testcase classname="Selenium.Jenkins.demotest1" name="searchMyNameInGoogle" time="11.33"/>
  <testcase classname="Selenium.Jenkins.SmokeSuite" name="smoke1" time="0.003"/>
  <testcase classname="Selenium.Jenkins.SmokeSuite" name="smoke1" time="0.003"/>
  <testcase classname="Selenium.Jenkins.SmokeSuite" name="smoke1" time="0.002"/>
</testsuite> <!-- Test -->
